0 info it worked if it ends with ok
1 verbose cli [ '/usr/local/Cellar/node/5.3.0/bin/node',
1 verbose cli   '/usr/local/bin/npm',
1 verbose cli   'run',
1 verbose cli   'pack' ]
2 info using npm@3.3.12
3 info using node@v5.3.0
4 verbose run-script [ 'prepack', 'pack', 'postpack' ]
5 info lifecycle @~prepack: @
6 silly lifecycle @~prepack: no script for prepack, continuing
7 info lifecycle @~pack: @
8 verbose lifecycle @~pack: unsafe-perm in lifecycle true
9 verbose lifecycle @~pack: PATH: /usr/local/lib/node_modules/npm/bin/node-gyp-bin:/Users/liuhong/workdir/electron-360player/node_modules/.bin:/usr/local/bin:/usr/bin:/bin:/usr/sbin:/sbin:/usr/local/opt/go/libexec/bin:/Users/liuhong/gopath/bin:/usr/local/Cellar/qt/4.8.7_1/bin
10 verbose lifecycle @~pack: CWD: /Users/liuhong/workdir/electron-360player
11 silly lifecycle @~pack: Args: [ '-c', 'build' ]
12 silly lifecycle @~pack: Returned: code: 255  signal: null
13 info lifecycle @~pack: Failed to exec pack script
14 verbose stack Error: @ pack: `build`
14 verbose stack Exit status 255
14 verbose stack     at EventEmitter.<anonymous> (/usr/local/lib/node_modules/npm/lib/utils/lifecycle.js:232:16)
14 verbose stack     at emitTwo (events.js:87:13)
14 verbose stack     at EventEmitter.emit (events.js:172:7)
14 verbose stack     at ChildProcess.<anonymous> (/usr/local/lib/node_modules/npm/lib/utils/spawn.js:24:14)
14 verbose stack     at emitTwo (events.js:87:13)
14 verbose stack     at ChildProcess.emit (events.js:172:7)
14 verbose stack     at maybeClose (internal/child_process.js:818:16)
14 verbose stack     at Process.ChildProcess._handle.onexit (internal/child_process.js:211:5)
15 verbose pkgid @
16 verbose cwd /Users/liuhong/workdir/electron-360player
17 error Darwin 15.2.0
18 error argv "/usr/local/Cellar/node/5.3.0/bin/node" "/usr/local/bin/npm" "run" "pack"
19 error node v5.3.0
20 error npm  v3.3.12
21 error code ELIFECYCLE
22 error @ pack: `build`
22 error Exit status 255
23 error Failed at the @ pack script 'build'.
23 error Make sure you have the latest version of node.js and npm installed.
23 error If you do, this is most likely a problem with the  package,
23 error not with npm itself.
23 error Tell the author that this fails on your system:
23 error     build
23 error You can get their info via:
23 error     npm owner ls
23 error There is likely additional logging output above.
24 verbose exit [ 1, true ]
